<?xml version="1.0" encoding="UTF-8"?>
<!-- Generated by org.testng.reporters.JUnitReportReporter -->
<testsuite hostname="DESKTOP-I60UEG5" failures="0" tests="1" name="testCases.TC_RegistrationLoginTest" time="20.125" errors="0" timestamp="2024-12-26T13:04:03 IST" skipped="0">
  <testcase classname="testCases.TC_RegistrationLoginTest" name="verifyRegistrationLogin" time="20.125"/>
</testsuite> <!-- testCases.TC_RegistrationLoginTest -->
