<?xml version="1.0" encoding="UTF-8"?>
<!-- Generated by org.testng.reporters.JUnitReportReporter -->
<testsuite hostname="DESKTOP-I60UEG5" failures="0" tests="2" name="testCases.TC_VerifyLoginDataDrivenTest" time="28.164" errors="0" timestamp="2024-12-27T11:58:54 IST" skipped="0">
  <testcase classname="testCases.TC_VerifyLoginDataDrivenTest" name="verifyLogin" time="14.156"/>
  <testcase classname="testCases.TC_VerifyLoginDataDrivenTest" name="verifyLogin" time="14.008"/>
</testsuite> <!-- testCases.TC_VerifyLoginDataDrivenTest -->
